This file contains any messages produced by compilers while
running configure, to aid debugging if configure makes a mistake.

It was created by threadsyncocl configure 0.1, which was
generated by GNU Autoconf 2.68.  Invocation command line was

  $ ./configure 

## --------- ##
## Platform. ##
## --------- ##

hostname = chatsiri-ThinkPad-T420s
uname -m = x86_64
uname -r = 3.2.0-29-generic
uname -s = Linux
uname -v = #46-Ubuntu SMP Fri Jul 27 17:03:23 UTC 2012

/usr/bin/uname -p = unknown
/bin/uname -X     = unknown

/bin/arch              = unknown
/usr/bin/arch -k       = unknown
/usr/convex/getsysinfo = unknown
/usr/bin/hostinfo      = unknown
/bin/machine           = unknown
/usr/bin/oslevel       = unknown
/bin/universe          = unknown

PATH: /home/chatsiri/Downloads/hexrays_ida/idasdk61/bin
PATH: /home/chatsiri/Downloads/autossh-1.4c/build/bin
PATH: /home/chatsiri/Downloads/cuda4.2.9/cuda/bin
PATH: /home/chatsiri/workspacecpp/glew-1.7.0/bin
PATH: /home/chatsiri/sda1/texlive/2011/bin/x86_64-linux
PATH: /usr/lib/lightdm/lightdm
PATH: /usr/local/sbin
PATH: /usr/local/bin
PATH: /usr/sbin
PATH: /usr/bin
PATH: /sbin
PATH: /bin
PATH: /usr/games
PATH: /home/chatsiri/Downloads/scala/scala_git_source/build/pack/bin
PATH: /home/chatsiri/Downloads/maven/apache-maven-3.0.4/bin
PATH: /home/chatsiri/Downloads/scala/jdk1.6.0_32/bin
PATH: /home/chatsiri/Downloads/scala/jdk1.6.0_32/bin
PATH: /home/chatsiri/Downloads/ant/apache-ant-1.8.4/bin
PATH: /home/chatsiri/Downloads/rsync-3.0.9/build/bin
PATH: /home/chatsiri/Downloads/astyle/build/gcc/bin
PATH: /home/chatsiri/.cabal/bin
PATH: /home/chatsiri/workspacehaskell/haskell-platform-2012.2.0.0/build/bin
PATH: /home/chatsiri/Downloads/openmpi/openmpi-1.6/build/bin
PATH: /home/chatsiri/Downloads/openssl-1.0.0k/build/bin
PATH: /home/chatsiri/Downloads/play20
PATH: /home/chatsiri/Downloads/g8
PATH: /home/chatsiri/workspacecpp/valgrind-3.7.0/build/bin
PATH: /home/chatsiri/Downloads/smartgit-3_0_10/bin
PATH: /home/chatsiri/Downloads/doxygen-svn/build/bin
PATH: /home/chatsiri/Downloads/dev_gcc/crosstool-ng-1.9.3/build/bin
PATH: /usr/local/Qt-5.0.2/bin
PATH: /home/chatsiri/sda1/workspacecpp/qt-creator/bin
PATH: /home/chatsiri/workspacecpp/check-0.9.9/build/bin
PATH: /home/chatsiri/sda1/workspacehadoop/hadoop-1.1.1/bin
PATH: /home/chatsiri/sda1/workspacehadoop/sqoop-1.4.0-incubating/bin
PATH: /usr/local/mysql/bin
PATH: /home/chatsiri/sda1/texlive/2012/bin/x86_64-linux
PATH: /home/chatsiri/sda1/workspaceerlang/otp_src_R16B01/bin
PATH: /home/chatsiri/sda1/workspaceerlang/rebar
PATH: /home/chatsiri/workspacemalware/git_nasm/build/bin
PATH: /home/chatsiri/workspacemalware/fasm/
PATH: /home/chatsiri/sda1/workspacerust/x86_64-unknown-linux-gnu/stage2/bin
PATH: /home/chatsiri/workspacemalware/pyew
PATH: /home/chatsiri/workspacecpp/yara-project/build/bin


## ----------- ##
## Core tests. ##
## ----------- ##

configure:2113: checking for a BSD-compatible install
configure:2181: result: /usr/bin/install -c
configure:2192: checking whether build environment is sane
configure:2242: result: yes
configure:2383: checking for a thread-safe mkdir -p
configure:2422: result: /bin/mkdir -p
configure:2435: checking for gawk
configure:2451: found /usr/bin/gawk
configure:2462: result: gawk
configure:2473: checking whether make sets $(MAKE)
configure:2495: result: yes
configure:2634: checking for g++
configure:2650: found /usr/bin/g++
configure:2661: result: g++
configure:2688: checking for C++ compiler version
configure:2697: g++ --version >&5
g++ (Ubuntu/Linaro 4.6.3-1ubuntu5) 4.6.3
Copyright (C) 2011 Free Software Foundation, Inc.
This is free software; see the source for copying conditions.  There is NO
warranty; not even for MERCHANTABILITY or FITNESS FOR A PARTICULAR PURPOSE.

configure:2708: $? = 0
configure:2697: g++ -v >&5
Using built-in specs.
COLLECT_GCC=g++
COLLECT_LTO_WRAPPER=/usr/lib/gcc/x86_64-linux-gnu/4.6/lto-wrapper
Target: x86_64-linux-gnu
Configured with: ../src/configure -v --with-pkgversion='Ubuntu/Linaro 4.6.3-1ubuntu5' --with-bugurl=file:///usr/share/doc/gcc-4.6/README.Bugs --enable-languages=c,c++,fortran,objc,obj-c++ --prefix=/usr --program-suffix=-4.6 --enable-shared --enable-linker-build-id --with-system-zlib --libexecdir=/usr/lib --without-included-gettext --enable-threads=posix --with-gxx-include-dir=/usr/include/c++/4.6 --libdir=/usr/lib --enable-nls --with-sysroot=/ --enable-clocale=gnu --enable-libstdcxx-debug --enable-libstdcxx-time=yes --enable-gnu-unique-object --enable-plugin --enable-objc-gc --disable-werror --with-arch-32=i686 --with-tune=generic --enable-checking=release --build=x86_64-linux-gnu --host=x86_64-linux-gnu --target=x86_64-linux-gnu
Thread model: posix
gcc version 4.6.3 (Ubuntu/Linaro 4.6.3-1ubuntu5) 
configure:2708: $? = 0
configure:2697: g++ -V >&5
g++: error: unrecognized option '-V'
g++: fatal error: no input files
compilation terminated.
configure:2708: $? = 4
configure:2697: g++ -qversion >&5
g++: error: unrecognized option '-qversion'
g++: fatal error: no input files
compilation terminated.
configure:2708: $? = 4
configure:2728: checking whether the C++ compiler works
configure:2750: g++    conftest.cpp  >&5
configure:2754: $? = 0
configure:2802: result: yes
configure:2805: checking for C++ compiler default output file name
configure:2807: result: a.out
configure:2813: checking for suffix of executables
configure:2820: g++ -o conftest    conftest.cpp  >&5
configure:2824: $? = 0
configure:2846: result: 
configure:2868: checking whether we are cross compiling
configure:2876: g++ -o conftest    conftest.cpp  >&5
configure:2880: $? = 0
configure:2887: ./conftest
configure:2891: $? = 0
configure:2906: result: no
configure:2911: checking for suffix of object files
configure:2933: g++ -c   conftest.cpp >&5
configure:2937: $? = 0
configure:2958: result: o
configure:2962: checking whether we are using the GNU C++ compiler
configure:2981: g++ -c   conftest.cpp >&5
configure:2981: $? = 0
configure:2990: result: yes
configure:2999: checking whether g++ accepts -g
configure:3019: g++ -c -g  conftest.cpp >&5
configure:3019: $? = 0
configure:3060: result: yes
configure:3094: checking for style of include used by make
configure:3122: result: GNU
configure:3148: checking dependency style of g++
configure:3259: result: gcc3
configure:3317: checking for ranlib
configure:3333: found /usr/bin/ranlib
configure:3344: result: ranlib
configure:3382: checking how to run the C++ preprocessor
configure:3409: g++ -E  conftest.cpp
configure:3409: $? = 0
configure:3423: g++ -E  conftest.cpp
conftest.cpp:11:28: fatal error: ac_nonexistent.h: No such file or directory
compilation terminated.
configure:3423: $? = 1
configure: failed program was:
| /* confdefs.h */
| #define PACKAGE_NAME "threadsyncocl"
| #define PACKAGE_TARNAME "threadsyncocl"
| #define PACKAGE_VERSION "0.1"
| #define PACKAGE_STRING "threadsyncocl 0.1"
| #define PACKAGE_BUGREPORT "technique@hnmav.org"
| #define PACKAGE_URL ""
| #define PACKAGE "threadsyncocl"
| #define VERSION "0.1"
| /* end confdefs.h.  */
| #include <ac_nonexistent.h>
configure:3448: result: g++ -E
configure:3468: g++ -E  conftest.cpp
configure:3468: $? = 0
configure:3482: g++ -E  conftest.cpp
conftest.cpp:11:28: fatal error: ac_nonexistent.h: No such file or directory
compilation terminated.
configure:3482: $? = 1
configure: failed program was:
| /* confdefs.h */
| #define PACKAGE_NAME "threadsyncocl"
| #define PACKAGE_TARNAME "threadsyncocl"
| #define PACKAGE_VERSION "0.1"
| #define PACKAGE_STRING "threadsyncocl 0.1"
| #define PACKAGE_BUGREPORT "technique@hnmav.org"
| #define PACKAGE_URL ""
| #define PACKAGE "threadsyncocl"
| #define VERSION "0.1"
| /* end confdefs.h.  */
| #include <ac_nonexistent.h>
configure:3511: checking for grep that handles long lines and -e
configure:3569: result: /bin/grep
configure:3574: checking for egrep
configure:3636: result: /bin/grep -E
configure:3641: checking for ANSI C header files
configure:3661: g++ -c -g -O2  conftest.cpp >&5
configure:3661: $? = 0
configure:3734: g++ -o conftest -g -O2   conftest.cpp  >&5
configure:3734: $? = 0
configure:3734: ./conftest
configure:3734: $? = 0
configure:3745: result: yes
configure:3758: checking for sys/types.h
configure:3758: g++ -c -g -O2  conftest.cpp >&5
configure:3758: $? = 0
configure:3758: result: yes
configure:3758: checking for sys/stat.h
configure:3758: g++ -c -g -O2  conftest.cpp >&5
configure:3758: $? = 0
configure:3758: result: yes
configure:3758: checking for stdlib.h
configure:3758: g++ -c -g -O2  conftest.cpp >&5
configure:3758: $? = 0
configure:3758: result: yes
configure:3758: checking for string.h
configure:3758: g++ -c -g -O2  conftest.cpp >&5
configure:3758: $? = 0
configure:3758: result: yes
configure:3758: checking for memory.h
configure:3758: g++ -c -g -O2  conftest.cpp >&5
configure:3758: $? = 0
configure:3758: result: yes
configure:3758: checking for strings.h
configure:3758: g++ -c -g -O2  conftest.cpp >&5
configure:3758: $? = 0
configure:3758: result: yes
configure:3758: checking for inttypes.h
configure:3758: g++ -c -g -O2  conftest.cpp >&5
configure:3758: $? = 0
configure:3758: result: yes
configure:3758: checking for stdint.h
configure:3758: g++ -c -g -O2  conftest.cpp >&5
configure:3758: $? = 0
configure:3758: result: yes
configure:3758: checking for unistd.h
configure:3758: g++ -c -g -O2  conftest.cpp >&5
configure:3758: $? = 0
configure:3758: result: yes
configure:3772: checking string usability
configure:3772: g++ -c -g -O2  conftest.cpp >&5
configure:3772: $? = 0
configure:3772: result: yes
configure:3772: checking string presence
configure:3772: g++ -E  conftest.cpp
configure:3772: $? = 0
configure:3772: result: yes
configure:3772: checking for string
configure:3772: result: yes
configure:3784: checking iostream usability
configure:3784: g++ -c -g -O2  conftest.cpp >&5
configure:3784: $? = 0
configure:3784: result: yes
configure:3784: checking iostream presence
configure:3784: g++ -E  conftest.cpp
configure:3784: $? = 0
configure:3784: result: yes
configure:3784: checking for iostream
configure:3784: result: yes
configure:3801: checking for size_t
configure:3801: g++ -c -g -O2  conftest.cpp >&5
configure:3801: $? = 0
configure:3801: g++ -c -g -O2  conftest.cpp >&5
conftest.cpp: In function 'int main()':
conftest.cpp:59:20: error: expected primary-expression before ')' token
configure:3801: $? = 1
configure: failed program was:
| /* confdefs.h */
| #define PACKAGE_NAME "threadsyncocl"
| #define PACKAGE_TARNAME "threadsyncocl"
| #define PACKAGE_VERSION "0.1"
| #define PACKAGE_STRING "threadsyncocl 0.1"
| #define PACKAGE_BUGREPORT "technique@hnmav.org"
| #define PACKAGE_URL ""
| #define PACKAGE "threadsyncocl"
| #define VERSION "0.1"
| #define STDC_HEADERS 1
| #define HAVE_SYS_TYPES_H 1
| #define HAVE_SYS_STAT_H 1
| #define HAVE_STDLIB_H 1
| #define HAVE_STRING_H 1
| #define HAVE_MEMORY_H 1
| #define HAVE_STRINGS_H 1
| #define HAVE_INTTYPES_H 1
| #define HAVE_STDINT_H 1
| #define HAVE_UNISTD_H 1
| #define HAVE_STRING 1
| #define HAVE_IOSTREAM 1
| /* end confdefs.h.  */
| #include <stdio.h>
| #ifdef HAVE_SYS_TYPES_H
| # include <sys/types.h>
| #endif
| #ifdef HAVE_SYS_STAT_H
| # include <sys/stat.h>
| #endif
| #ifdef STDC_HEADERS
| # include <stdlib.h>
| # include <stddef.h>
| #else
| # ifdef HAVE_STDLIB_H
| #  include <stdlib.h>
| # endif
| #endif
| #ifdef HAVE_STRING_H
| # if !defined STDC_HEADERS && defined HAVE_MEMORY_H
| #  include <memory.h>
| # endif
| # include <string.h>
| #endif
| #ifdef HAVE_STRINGS_H
| # include <strings.h>
| #endif
| #ifdef HAVE_INTTYPES_H
| # include <inttypes.h>
| #endif
| #ifdef HAVE_STDINT_H
| # include <stdint.h>
| #endif
| #ifdef HAVE_UNISTD_H
| # include <unistd.h>
| #endif
| int
| main ()
| {
| if (sizeof ((size_t)))
| 	    return 0;
|   ;
|   return 0;
| }
configure:3801: result: yes
configure:3997: creating ./config.status

## ---------------------- ##
## Running config.status. ##
## ---------------------- ##

This file was extended by threadsyncocl config.status 0.1, which was
generated by GNU Autoconf 2.68.  Invocation command line was

  CONFIG_FILES    = 
  CONFIG_HEADERS  = 
  CONFIG_LINKS    = 
  CONFIG_COMMANDS = 
  $ ./config.status 

on chatsiri-ThinkPad-T420s

config.status:790: creating Makefile
config.status:790: creating src/threadsyncocl/Makefile
config.status:790: creating src/bin/Makefile
config.status:962: executing depfiles commands

## ---------------- ##
## Cache variables. ##
## ---------------- ##

ac_cv_cxx_compiler_gnu=yes
ac_cv_env_CCC_set=
ac_cv_env_CCC_value=
ac_cv_env_CPPFLAGS_set=
ac_cv_env_CPPFLAGS_value=
ac_cv_env_CXXCPP_set=
ac_cv_env_CXXCPP_value=
ac_cv_env_CXXFLAGS_set=
ac_cv_env_CXXFLAGS_value=
ac_cv_env_CXX_set=
ac_cv_env_CXX_value=
ac_cv_env_LDFLAGS_set=
ac_cv_env_LDFLAGS_value=
ac_cv_env_LIBS_set=
ac_cv_env_LIBS_value=
ac_cv_env_build_alias_set=
ac_cv_env_build_alias_value=
ac_cv_env_host_alias_set=
ac_cv_env_host_alias_value=
ac_cv_env_target_alias_set=
ac_cv_env_target_alias_value=
ac_cv_header_inttypes_h=yes
ac_cv_header_iostream=yes
ac_cv_header_memory_h=yes
ac_cv_header_stdc=yes
ac_cv_header_stdint_h=yes
ac_cv_header_stdlib_h=yes
ac_cv_header_string=yes
ac_cv_header_string_h=yes
ac_cv_header_strings_h=yes
ac_cv_header_sys_stat_h=yes
ac_cv_header_sys_types_h=yes
ac_cv_header_unistd_h=yes
ac_cv_objext=o
ac_cv_path_EGREP='/bin/grep -E'
ac_cv_path_GREP=/bin/grep
ac_cv_path_install='/usr/bin/install -c'
ac_cv_path_mkdir=/bin/mkdir
ac_cv_prog_AWK=gawk
ac_cv_prog_CXXCPP='g++ -E'
ac_cv_prog_ac_ct_CXX=g++
ac_cv_prog_ac_ct_RANLIB=ranlib
ac_cv_prog_cxx_g=yes
ac_cv_prog_make_make_set=yes
ac_cv_type_size_t=yes
am_cv_CXX_dependencies_compiler_type=gcc3

## ----------------- ##
## Output variables. ##
## ----------------- ##

ACLOCAL='${SHELL} /home/chatsiri/workspacecpp/pthread_sync_ocl/build-aux/missing --run aclocal-1.11'
AMDEPBACKSLASH='\'
AMDEP_FALSE='#'
AMDEP_TRUE=''
AMTAR='$${TAR-tar}'
AM_CXXFLAGS=''
AM_LDFLAGS=''
AUTOCONF='${SHELL} /home/chatsiri/workspacecpp/pthread_sync_ocl/build-aux/missing --run autoconf'
AUTOHEADER='${SHELL} /home/chatsiri/workspacecpp/pthread_sync_ocl/build-aux/missing --run autoheader'
AUTOMAKE='${SHELL} /home/chatsiri/workspacecpp/pthread_sync_ocl/build-aux/missing --run automake-1.11'
AWK='gawk'
CPPFLAGS=''
CXX='g++'
CXXCPP='g++ -E'
CXXDEPMODE='depmode=gcc3'
CXXFLAGS='-g -O2'
CYGPATH_W='echo'
DEFS='-DPACKAGE_NAME=\"threadsyncocl\" -DPACKAGE_TARNAME=\"threadsyncocl\" -DPACKAGE_VERSION=\"0.1\" -DPACKAGE_STRING=\"threadsyncocl\ 0.1\" -DPACKAGE_BUGREPORT=\"technique@hnmav.org\" -DPACKAGE_URL=\"\" -DPACKAGE=\"threadsyncocl\" -DVERSION=\"0.1\" -DSTDC_HEADERS=1 -DHAVE_SYS_TYPES_H=1 -DHAVE_SYS_STAT_H=1 -DHAVE_STDLIB_H=1 -DHAVE_STRING_H=1 -DHAVE_MEMORY_H=1 -DHAVE_STRINGS_H=1 -DHAVE_INTTYPES_H=1 -DHAVE_STDINT_H=1 -DHAVE_UNISTD_H=1 -DHAVE_STRING=1 -DHAVE_IOSTREAM=1'
DEPDIR='.deps'
ECHO_C=''
ECHO_N='-n'
ECHO_T=''
EGREP='/bin/grep -E'
EXEEXT=''
GREP='/bin/grep'
INSTALL_DATA='${INSTALL} -m 644'
INSTALL_PROGRAM='${INSTALL}'
INSTALL_SCRIPT='${INSTALL}'
INSTALL_STRIP_PROGRAM='$(install_sh) -c -s'
LDFLAGS=''
LIBOBJS=''
LIBS=''
LTLIBOBJS=''
MAKEINFO='${SHELL} /home/chatsiri/workspacecpp/pthread_sync_ocl/build-aux/missing --run makeinfo'
MKDIR_P='/bin/mkdir -p'
OBJEXT='o'
PACKAGE='threadsyncocl'
PACKAGE_BUGREPORT='technique@hnmav.org'
PACKAGE_NAME='threadsyncocl'
PACKAGE_STRING='threadsyncocl 0.1'
PACKAGE_TARNAME='threadsyncocl'
PACKAGE_URL=''
PACKAGE_VERSION='0.1'
PATH_SEPARATOR=':'
RANLIB='ranlib'
SET_MAKE=''
SHELL='/bin/bash'
STRIP=''
VERSION='0.1'
ac_ct_CXX='g++'
am__EXEEXT_FALSE=''
am__EXEEXT_TRUE='#'
am__fastdepCXX_FALSE='#'
am__fastdepCXX_TRUE=''
am__include='include'
am__isrc=''
am__leading_dot='.'
am__nodep='_no'
am__quote=''
am__tar='$${TAR-tar} chof - "$$tardir"'
am__untar='$${TAR-tar} xf -'
bindir='${exec_prefix}/bin'
build_alias=''
datadir='${datarootdir}'
datarootdir='${prefix}/share'
docdir='${datarootdir}/doc/${PACKAGE_TARNAME}'
dvidir='${docdir}'
exec_prefix='${prefix}'
host_alias=''
htmldir='${docdir}'
includedir='${prefix}/include'
infodir='${datarootdir}/info'
install_sh='${SHELL} /home/chatsiri/workspacecpp/pthread_sync_ocl/build-aux/install-sh'
libdir='${exec_prefix}/lib'
libexecdir='${exec_prefix}/libexec'
localedir='${datarootdir}/locale'
localstatedir='${prefix}/var'
mandir='${datarootdir}/man'
mkdir_p='/bin/mkdir -p'
oldincludedir='/usr/include'
pdfdir='${docdir}'
prefix='/usr/local'
program_transform_name='s,x,x,'
psdir='${docdir}'
sbindir='${exec_prefix}/sbin'
sharedstatedir='${prefix}/com'
sysconfdir='${prefix}/etc'
target_alias=''

## ----------- ##
## confdefs.h. ##
## ----------- ##

/* confdefs.h */
#define PACKAGE_NAME "threadsyncocl"
#define PACKAGE_TARNAME "threadsyncocl"
#define PACKAGE_VERSION "0.1"
#define PACKAGE_STRING "threadsyncocl 0.1"
#define PACKAGE_BUGREPORT "technique@hnmav.org"
#define PACKAGE_URL ""
#define PACKAGE "threadsyncocl"
#define VERSION "0.1"
#define STDC_HEADERS 1
#define HAVE_SYS_TYPES_H 1
#define HAVE_SYS_STAT_H 1
#define HAVE_STDLIB_H 1
#define HAVE_STRING_H 1
#define HAVE_MEMORY_H 1
#define HAVE_STRINGS_H 1
#define HAVE_INTTYPES_H 1
#define HAVE_STDINT_H 1
#define HAVE_UNISTD_H 1
#define HAVE_STRING 1
#define HAVE_IOSTREAM 1

configure: exit 0

## ---------------------- ##
## Running config.status. ##
## ---------------------- ##

This file was extended by threadsyncocl config.status 0.1, which was
generated by GNU Autoconf 2.68.  Invocation command line was

  CONFIG_FILES    = 
  CONFIG_HEADERS  = 
  CONFIG_LINKS    = 
  CONFIG_COMMANDS = 
  $ ./config.status src/threadsyncocl/Makefile depfiles

on chatsiri-ThinkPad-T420s

config.status:790: creating src/threadsyncocl/Makefile
config.status:962: executing depfiles commands
